app/build/outputs/logs/manifest-merger-release-report.txt
-- Merging decision tree log ---
manifest
ADDED from src\main\AndroidManifest.xml:21:1-146:12
INJECTED from src\main\AndroidManifest.xml:21:1-146:12
INJECTED from src\main\AndroidManifest.xml:21:1-146:12
INJECTED from src\main\AndroidManifest.xml:21:1-146:12
MERGED from [com.android.support:support-v4:23.4.0] AndroidManifest.xml:17:1-24:12
INJECTED from src\main\AndroidManifest.xml:21:1-146:12
INJECTED from src\main\AndroidManifest.xml:21:1-146:12
INJECTED from src\main\AndroidManifest.xml:21:1-146:12
	package
		ADDED from src\main\AndroidManifest.xml:22:5-40
		INJECTED from src\main\AndroidManifest.xml
		INJECTED from src\main\AndroidManifest.xml
	android:versionName
		INJECTED from src\main\AndroidManifest.xml
		ADDED from src\main\AndroidManifest.xml:21:1-146:12
		INJECTED from src\main\AndroidManifest.xml
	android:versionCode
		INJECTED from src\main\AndroidManifest.xml
		ADDED from src\main\AndroidManifest.xml:21:1-146:12
		INJECTED from src\main\AndroidManifest.xml
	xmlns:android
		ADDED from src\main\AndroidManifest.xml:21:11-69
uses-permission#android.permission.NFC
ADDED from src\main\AndroidManifest.xml:24:5-62
	android:name
		ADDED from src\main\AndroidManifest.xml:24:22-59
uses-permission#android.permission.WRITE_EXTERNAL_STORAGE
ADDED from src\main\AndroidManifest.xml:25:5-81
	android:name
		ADDED from src\main\AndroidManifest.xml:25:22-78
uses-feature#android.hardware.nfc
ADDED from src\main\AndroidManifest.xml:27:5-29:35
	android:required
		ADDED from src\main\AndroidManifest.xml:29:9-32
	android:name
		ADDED from src\main\AndroidManifest.xml:28:9-44
application
ADDED from src\main\AndroidManifest.xml:30:5-144:19
MERGED from [com.android.support:support-v4:23.4.0] AndroidManifest.xml:22:5-20
MERGED from [com.android.support:support-v4:23.4.0] AndroidManifest.xml:22:5-20
	android:label
		ADDED from src\main\AndroidManifest.xml:34:9-41
	android:icon
		ADDED from src\main\AndroidManifest.xml:33:9-43
	android:allowBackup
		ADDED from src\main\AndroidManifest.xml:32:9-36
	android:name
		ADDED from src\main\AndroidManifest.xml:31:9-56
activity#de.syss.MifareClassicTool.Activities.MainMenu
ADDED from src\main\AndroidManifest.xml:35:9-54:20
	android:label
		ADDED from src\main\AndroidManifest.xml:38:13-56
	android:launchMode
		ADDED from src\main\AndroidManifest.xml:39:13-43
	android:configChanges
		ADDED from src\main\AndroidManifest.xml:37:13-59
	android:name
		ADDED from src\main\AndroidManifest.xml:36:13-73
intent-filter#android.intent.action.MAIN+android.intent.category.LAUNCHER
ADDED from src\main\AndroidManifest.xml:40:13-44:29
action#android.intent.action.MAIN
ADDED from src\main\AndroidManifest.xml:41:17-69
	android:name
		ADDED from src\main\AndroidManifest.xml:41:25-66
category#android.intent.category.LAUNCHER
ADDED from src\main\AndroidManifest.xml:43:17-77
	android:name
		ADDED from src\main\AndroidManifest.xml:43:27-74
intent-filter#android.nfc.action.TECH_DISCOVERED
ADDED from src\main\AndroidManifest.xml:47:13-49:29
action#android.nfc.action.TECH_DISCOVERED
ADDED from src\main\AndroidManifest.xml:48:17-77
	android:name
		ADDED from src\main\AndroidManifest.xml:48:25-74
meta-data#android.nfc.action.TECH_DISCOVERED
ADDED from src\main\AndroidManifest.xml:51:13-53:59
	android:resource
		ADDED from src\main\AndroidManifest.xml:53:17-56
	android:name
		ADDED from src\main\AndroidManifest.xml:52:17-66
activity#de.syss.MifareClassicTool.Activities.KeyMapCreator
ADDED from src\main\AndroidManifest.xml:55:9-60:20
	android:label
		ADDED from src\main\AndroidManifest.xml:59:13-66
	android:configChanges
		ADDED from src\main\AndroidManifest.xml:57:13-74
	android:icon
		ADDED from src\main\AndroidManifest.xml:58:13-56
	android:name
		ADDED from src\main\AndroidManifest.xml:56:13-78
activity#de.syss.MifareClassicTool.Activities.DumpEditor
ADDED from src\main\AndroidManifest.xml:61:9-66:20
	android:label
		ADDED from src\main\AndroidManifest.xml:65:13-63
	android:configChanges
		ADDED from src\main\AndroidManifest.xml:63:13-74
	android:icon
		ADDED from src\main\AndroidManifest.xml:64:13-47
	android:name
		ADDED from src\main\AndroidManifest.xml:62:13-75
activity#de.syss.MifareClassicTool.Activities.FileChooser
ADDED from src\main\AndroidManifest.xml:67:9-71:20
	android:label
		ADDED from src\main\AndroidManifest.xml:70:13-64
	android:icon
		ADDED from src\main\AndroidManifest.xml:69:13-42
	android:name
		ADDED from src\main\AndroidManifest.xml:68:13-76
activity#de.syss.MifareClassicTool.Activities.AccessConditionDecoder
ADDED from src\main\AndroidManifest.xml:72:9-77:20
	android:label
		ADDED from src\main\AndroidManifest.xml:76:13-69
	android:configChanges
		ADDED from src\main\AndroidManifest.xml:74:13-59
	android:icon
		ADDED from src\main\AndroidManifest.xml:75:13-55
	android:name
		ADDED from src\main\AndroidManifest.xml:73:13-87
activity#de.syss.MifareClassicTool.Activities.ValueBlocksToInt
ADDED from src\main\AndroidManifest.xml:78:9-83:20
	android:label
		ADDED from src\main\AndroidManifest.xml:82:13-64
	android:configChanges
		ADDED from src\main\AndroidManifest.xml:80:13-59
	android:icon
		ADDED from src\main\AndroidManifest.xml:81:13-56
	android:name
		ADDED from src\main\AndroidManifest.xml:79:13-81
activity#de.syss.MifareClassicTool.Activities.WriteTag
ADDED from src\main\AndroidManifest.xml:84:9-89:20
	android:label
		ADDED from src\main\AndroidManifest.xml:88:13-61
	android:configChanges
		ADDED from src\main\AndroidManifest.xml:86:13-74
	android:icon
		ADDED from src\main\AndroidManifest.xml:87:13-47
	android:name
		ADDED from src\main\AndroidManifest.xml:85:13-73
activity#de.syss.MifareClassicTool.Activities.ReadTag
ADDED from src\main\AndroidManifest.xml:90:9-95:20
	android:label
		ADDED from src\main\AndroidManifest.xml:94:13-60
	android:configChanges
		ADDED from src\main\AndroidManifest.xml:92:13-74
	android:icon
		ADDED from src\main\AndroidManifest.xml:93:13-46
	android:name
		ADDED from src\main\AndroidManifest.xml:91:13-72
activity#de.syss.MifareClassicTool.Activities.KeyEditor
ADDED from src\main\AndroidManifest.xml:96:9-101:20
	android:label
		ADDED from src\main\AndroidManifest.xml:100:13-62
	android:configChanges
		ADDED from src\main\AndroidManifest.xml:98:13-74
	android:icon
		ADDED from src\main\AndroidManifest.xml:99:13-47
	android:name
		ADDED from src\main\AndroidManifest.xml:97:13-74
activity#de.syss.MifareClassicTool.Activities.HelpAndInfo
ADDED from src\main\AndroidManifest.xml:102:9-107:20
	android:label
		ADDED from src\main\AndroidManifest.xml:106:13-56
	android:configChanges
		ADDED from src\main\AndroidManifest.xml:104:13-59
	android:icon
		ADDED from src\main\AndroidManifest.xml:105:13-51
	android:name
		ADDED from src\main\AndroidManifest.xml:103:13-76
activity#de.syss.MifareClassicTool.Activities.HexToAscii
ADDED from src\main\AndroidManifest.xml:108:9-113:20
	android:label
		ADDED from src\main\AndroidManifest.xml:112:13-64
	android:configChanges
		ADDED from src\main\AndroidManifest.xml:110:13-59
	android:icon
		ADDED from src\main\AndroidManifest.xml:111:13-50
	android:name
		ADDED from src\main\AndroidManifest.xml:109:13-75
activity#de.syss.MifareClassicTool.Activities.TagInfoTool
ADDED from src\main\AndroidManifest.xml:114:9-119:20
	android:label
		ADDED from src\main\AndroidManifest.xml:118:13-60
	android:configChanges
		ADDED from src\main\AndroidManifest.xml:116:13-59
	android:icon
		ADDED from src\main\AndroidManifest.xml:117:13-46
	android:name
		ADDED from src\main\AndroidManifest.xml:115:13-76
activity#de.syss.MifareClassicTool.Activities.ValueBlockTool
ADDED from src\main\AndroidManifest.xml:120:9-125:20
	android:label
		ADDED from src\main\AndroidManifest.xml:124:13-68
	android:configChanges
		ADDED from src\main\AndroidManifest.xml:122:13-59
	android:icon
		ADDED from src\main\AndroidManifest.xml:123:13-54
	android:name
		ADDED from src\main\AndroidManifest.xml:121:13-79
activity#de.syss.MifareClassicTool.Activities.AccessConditionTool
ADDED from src\main\AndroidManifest.xml:126:9-131:20
	android:label
		ADDED from src\main\AndroidManifest.xml:130:13-73
	android:configChanges
		ADDED from src\main\AndroidManifest.xml:128:13-59
	android:icon
		ADDED from src\main\AndroidManifest.xml:129:13-59
	android:name
		ADDED from src\main\AndroidManifest.xml:127:13-84
activity#de.syss.MifareClassicTool.Activities.Preferences
ADDED from src\main\AndroidManifest.xml:132:9-137:20
	android:label
		ADDED from src\main\AndroidManifest.xml:136:13-63
	android:configChanges
		ADDED from src\main\AndroidManifest.xml:134:13-59
	android:icon
		ADDED from src\main\AndroidManifest.xml:135:13-49
	android:name
		ADDED from src\main\AndroidManifest.xml:133:13-76
activity#de.syss.MifareClassicTool.Activities.DiffTool
ADDED from src\main\AndroidManifest.xml:138:9-143:20
	android:label
		ADDED from src\main\AndroidManifest.xml:142:13-61
	android:configChanges
		ADDED from src\main\AndroidManifest.xml:140:13-59
	android:icon
		ADDED from src\main\AndroidManifest.xml:141:13-47
	android:name
		ADDED from src\main\AndroidManifest.xml:139:13-73
uses-sdk
INJECTED from src\main\AndroidManifest.xml reason: use-sdk injection requested
INJECTED from src\main\AndroidManifest.xml
INJECTED from src\main\AndroidManifest.xml
MERGED from [com.android.support:support-v4:23.4.0] AndroidManifest.xml:20:5-43
MERGED from [com.android.support:support-v4:23.4.0] AndroidManifest.xml:20:5-43
INJECTED from src\main\AndroidManifest.xml
INJECTED from src\main\AndroidManifest.xml
	android:targetSdkVersion
		INJECTED from src\main\AndroidManifest.xml
		ADDED from src\main\AndroidManifest.xml
		INJECTED from src\main\AndroidManifest.xml
	android:minSdkVersion
		INJECTED from src\main\AndroidManifest.xml
		ADDED from src\main\AndroidManifest.xml
		INJECTED from src\main\AndroidManifest.xml